2019-01-14 19:25:06 [scrapy.utils.log] INFO: Scrapy 1.5.1 started (bot: xigua)
2019-01-14 19:25:06 [scrapy.utils.log] INFO: Versions: lxml 4.2.5.0, libxml2 2.9.8, cssselect 1.0.3, parsel 1.5.1, w3lib 1.19.0, Twisted 17.5.0, Python 3.6.7 |Anaconda, Inc.| (default, Oct 23 2018, 14:01:38) - [GCC 4.2.1 Compatible Clang 4.0.1 (tags/RELEASE_401/final)], pyOpenSSL 18.0.0 (OpenSSL 1.1.1a  20 Nov 2018), cryptography 2.4.2, Platform Darwin-18.2.0-x86_64-i386-64bit
2019-01-14 19:25:06 [scrapy.crawler] INFO: Overridden settings: {'BOT_NAME': 'xigua', 'LOG_FILE': 'xigua.log', 'NEWSPIDER_MODULE': 'xigua.spiders', 'SPIDER_MODULES': ['xigua.spiders']}
2019-01-14 19:25:06 [scrapy.middleware] INFO: Enabled extensions:
['scrapy.extensions.corestats.CoreStats',
 'scrapy.extensions.telnet.TelnetConsole',
 'scrapy.extensions.memusage.MemoryUsage',
 'scrapy.extensions.logstats.LogStats']
2019-01-14 19:25:07 [scrapy.middleware] INFO: Enabled downloader middlewares:
['scrapy.downloadermiddlewares.httpauth.HttpAuthMiddleware',
 'scrapy.downloadermiddlewares.downloadtimeout.DownloadTimeoutMiddleware',
 'scrapy.downloadermiddlewares.defaultheaders.DefaultHeadersMiddleware',
 'scrapy.downloadermiddlewares.useragent.UserAgentMiddleware',
 'scrapy.downloadermiddlewares.retry.RetryMiddleware',
 'scrapy.downloadermiddlewares.redirect.MetaRefreshMiddleware',
 'scrapy.downloadermiddlewares.httpcompression.HttpCompressionMiddleware',
 'scrapy.downloadermiddlewares.redirect.RedirectMiddleware',
 'scrapy.downloadermiddlewares.cookies.CookiesMiddleware',
 'scrapy.downloadermiddlewares.httpproxy.HttpProxyMiddleware',
 'scrapy.downloadermiddlewares.stats.DownloaderStats']
2019-01-14 19:25:08 [selenium.webdriver.remote.remote_connection] DEBUG: POST http://127.0.0.1:49475/session {"capabilities": {"firstMatch": [{}], "alwaysMatch": {"browserName": "chrome", "platformName": "any", "goog:chromeOptions": {"extensions": [], "args": ["user-agent=Mozilla/5.0 (Macintosh; Intel Mac OS X 10_14_2) AppleWebKit/537.36 (KHTML, like Gecko) Chrome/71.0.3578.98 Safari/537.36"]}}}, "desiredCapabilities": {"browserName": "chrome", "version": "", "platform": "ANY", "goog:chromeOptions": {"extensions": [], "args": ["user-agent=Mozilla/5.0 (Macintosh; Intel Mac OS X 10_14_2) AppleWebKit/537.36 (KHTML, like Gecko) Chrome/71.0.3578.98 Safari/537.36"]}}}
2019-01-14 19:25:08 [urllib3.connectionpool] DEBUG: Starting new HTTP connection (1): 127.0.0.1:49475
2019-01-14 19:25:09 [urllib3.connectionpool] DEBUG: http://127.0.0.1:49475 "POST /session HTTP/1.1" 200 815
2019-01-14 19:25:09 [selenium.webdriver.remote.remote_connection] DEBUG: Finished Request
2019-01-14 19:25:09 [scrapy.middleware] INFO: Enabled spider middlewares:
['scrapy.spidermiddlewares.httperror.HttpErrorMiddleware',
 'scrapy.spidermiddlewares.offsite.OffsiteMiddleware',
 'xigua.middlewares.XiguaSpiderMiddleware',
 'scrapy.spidermiddlewares.referer.RefererMiddleware',
 'scrapy.spidermiddlewares.urllength.UrlLengthMiddleware',
 'scrapy.spidermiddlewares.depth.DepthMiddleware']
2019-01-14 19:25:09 [scrapy.middleware] INFO: Enabled item pipelines:
[]
2019-01-14 19:25:09 [scrapy.core.engine] INFO: Spider opened
2019-01-14 19:25:09 [scrapy.extensions.logstats] INFO: Crawled 0 pages (at 0 pages/min), scraped 0 items (at 0 items/min)
2019-01-14 19:25:09 [user-videos] INFO: Spider opened: user-videos
2019-01-14 19:25:09 [scrapy.extensions.telnet] DEBUG: Telnet console listening on 127.0.0.1:6023
2019-01-14 19:25:09 [scrapy.core.engine] DEBUG: Crawled (200) <GET https://www.ixigua.com/c/user/article/?user_id=67198009423&max_behot_time=0&max_repin_time=0&count=20&page_type=0> (referer: None)
2019-01-14 19:25:09 [scrapy.core.engine] INFO: Closing spider (finished)
2019-01-14 19:25:09 [scrapy.statscollectors] INFO: Dumping Scrapy stats:
{'downloader/request_bytes': 306,
 'downloader/request_count': 1,
 'downloader/request_method_count/GET': 1,
 'downloader/response_bytes': 524,
 'downloader/response_count': 1,
 'downloader/response_status_count/200': 1,
 'finish_reason': 'finished',
 'finish_time': datetime.datetime(2019, 1, 14, 11, 25, 9, 656830),
 'log_count/DEBUG': 6,
 'log_count/INFO': 8,
 'memusage/max': 53149696,
 'memusage/startup': 53149696,
 'response_received_count': 1,
 'scheduler/dequeued': 1,
 'scheduler/dequeued/memory': 1,
 'scheduler/enqueued': 1,
 'scheduler/enqueued/memory': 1,
 'start_time': datetime.datetime(2019, 1, 14, 11, 25, 9, 329865)}
2019-01-14 19:25:09 [scrapy.core.engine] INFO: Spider closed (finished)
